[35m[1mScanning dependencies of target line_control_node[0m
[ 50%] [32mBuilding CXX object CMakeFiles/line_control_node.dir/src/line_control.cpp.o[0m
[01m[K/home/maxim/POUK/labs/lab_3_test/lab_3_ws/src/line_control/src/line_control.cpp:[m[K In member function â€˜[01m[Kdouble LineControl::cross_track_err_two_circle()[m[Kâ€™:
[01m[K/home/maxim/POUK/labs/lab_3_test/lab_3_ws/src/line_control/src/line_control.cpp:78:9:[m[K [01;31m[Kerror: [m[Kâ€˜[01m[Kelse[m[Kâ€™ without a previous â€˜[01m[Kif[m[Kâ€™
   78 |         [01;31m[Kelse[m[K if(y > 0){
      |         [01;31m[K^~~~[m[K
make[2]: *** [CMakeFiles/line_control_node.dir/build.make:63: CMakeFiles/line_control_node.dir/src/line_control.cpp.o] Error 1
make[1]: *** [CMakeFiles/Makefile2:78: CMakeFiles/line_control_node.dir/all] Error 2
make: *** [Makefile:141: all] Error 2
