[0.013s] Invoking command in '/home/maxim/POUK/labs/lab_3_test/lab_3_ws/build/line_control': CMAKE_PREFIX_PATH=/home/maxim/POUK/labs/lab_3_test/lab_3_ws/install/line_control:/opt/ros/foxy:/opt/ros/noetic /usr/bin/cmake --build /home/maxim/POUK/labs/lab_3_test/lab_3_ws/build/line_control -- -j12 -l12
[0.045s] [35m[1mScanning dependencies of target line_control_node[0m
[0.064s] [ 50%] [32mBuilding CXX object CMakeFiles/line_control_node.dir/src/line_control.cpp.o[0m
[1.560s] [01m[K/home/maxim/POUK/labs/lab_3_test/lab_3_ws/src/line_control/src/line_control.cpp:[m[K In member function â€˜[01m[Kdouble LineControl::cross_track_err_two_circle()[m[Kâ€™:
[1.561s] [01m[K/home/maxim/POUK/labs/lab_3_test/lab_3_ws/src/line_control/src/line_control.cpp:78:9:[m[K [01;31m[Kerror: [m[Kâ€˜[01m[Kelse[m[Kâ€™ without a previous â€˜[01m[Kif[m[Kâ€™
[1.561s]    78 |         [01;31m[Kelse[m[K if(y > 0){
[1.561s]       |         [01;31m[K^~~~[m[K
[3.967s] make[2]: *** [CMakeFiles/line_control_node.dir/build.make:63: CMakeFiles/line_control_node.dir/src/line_control.cpp.o] Error 1
[3.967s] make[1]: *** [CMakeFiles/Makefile2:78: CMakeFiles/line_control_node.dir/all] Error 2
[3.967s] make: *** [Makefile:141: all] Error 2
[3.970s] Invoked command in '/home/maxim/POUK/labs/lab_3_test/lab_3_ws/build/line_control' returned '2': CMAKE_PREFIX_PATH=/home/maxim/POUK/labs/lab_3_test/lab_3_ws/install/line_control:/opt/ros/foxy:/opt/ros/noetic /usr/bin/cmake --build /home/maxim/POUK/labs/lab_3_test/lab_3_ws/build/line_control -- -j12 -l12
