[0.020s] Invoking command in '/home/maxim/POUK/labs/lab_3_test/lab_3_ws/build/line_control': CMAKE_PREFIX_PATH=/opt/ros/foxy:${CMAKE_PREFIX_PATH} /usr/bin/cmake --build /home/maxim/POUK/labs/lab_3_test/lab_3_ws/build/line_control -- -j12 -l12
[0.215s] [ 50%] [32mBuilding CXX object CMakeFiles/line_control_node.dir/src/line_control.cpp.o[0m
[1.763s] [01m[K/home/maxim/POUK/labs/lab_3_test/lab_3_ws/src/line_control/src/line_control.cpp:[m[K In constructor â€˜[01m[KLineControl::LineControl()[m[Kâ€™:
[1.763s] [01m[K/home/maxim/POUK/labs/lab_3_test/lab_3_ws/src/line_control/src/line_control.cpp:26:77:[m[K [01;31m[Kerror: [m[Kexpected â€˜[01m[K;[m[Kâ€™ before â€˜[01m[Ktimer_[m[Kâ€™
[1.763s]    26 |         err_pub_ = this->create_publisher<std_msgs::msg::Float64>("err", 10)
[1.763s]       |                                                                             [01;31m[K^[m[K
[1.763s]       |                                                                             [32m[K;[m[K
[1.763s] ......
[1.763s]    29 |         [32m[Ktimer_[m[K = this->create_wall_timer(
[1.763s]       |         [32m[K~~~~~~[m[K                                                               
[4.071s] make[2]: *** [CMakeFiles/line_control_node.dir/build.make:63: CMakeFiles/line_control_node.dir/src/line_control.cpp.o] Error 1
[4.071s] make[1]: *** [CMakeFiles/Makefile2:78: CMakeFiles/line_control_node.dir/all] Error 2
[4.071s] make: *** [Makefile:141: all] Error 2
[4.077s] Invoked command in '/home/maxim/POUK/labs/lab_3_test/lab_3_ws/build/line_control' returned '2': CMAKE_PREFIX_PATH=/opt/ros/foxy:${CMAKE_PREFIX_PATH} /usr/bin/cmake --build /home/maxim/POUK/labs/lab_3_test/lab_3_ws/build/line_control -- -j12 -l12
