[0.023s] Invoking command in '/home/maxim/POUK/labs/lab_3_test/lab_3_ws/build/line_control': CMAKE_PREFIX_PATH=/opt/ros/foxy:${CMAKE_PREFIX_PATH} /usr/bin/cmake --build /home/maxim/POUK/labs/lab_3_test/lab_3_ws/build/line_control -- -j12 -l12
[0.244s] [35m[1mScanning dependencies of target line_control_node[0m
[0.270s] [ 50%] [32mBuilding CXX object CMakeFiles/line_control_node.dir/src/line_control.cpp.o[0m
[1.619s] [01m[K/home/maxim/POUK/labs/lab_3_test/lab_3_ws/src/line_control/src/line_control.cpp:[m[K In constructor â€˜[01m[KLineControl::LineControl()[m[Kâ€™:
[1.619s] [01m[K/home/maxim/POUK/labs/lab_3_test/lab_3_ws/src/line_control/src/line_control.cpp:27:16:[m[K [01;35m[Kwarning: [m[Kunused variable â€˜[01m[Kdt[m[Kâ€™ [[01;35m[K-Wunused-variable[m[K]
[1.619s]    27 |         double [01;35m[Kdt[m[K = this->declare_parameter("dt", 0.1);
[1.619s]       |                [01;35m[K^~[m[K
[21.006s] make[2]: *** [CMakeFiles/line_control_node.dir/build.make:63: CMakeFiles/line_control_node.dir/src/line_control.cpp.o] Interrupt
[21.010s] make[1]: *** [CMakeFiles/Makefile2:78: CMakeFiles/line_control_node.dir/all] Interrupt
[21.010s] make: *** [Makefile:141: all] Interrupt
[21.023s] Invoked command in '/home/maxim/POUK/labs/lab_3_test/lab_3_ws/build/line_control' returned '-2': CMAKE_PREFIX_PATH=/opt/ros/foxy:${CMAKE_PREFIX_PATH} /usr/bin/cmake --build /home/maxim/POUK/labs/lab_3_test/lab_3_ws/build/line_control -- -j12 -l12
